[debug] [2024-05-02T08:10:57.853Z] ----------------------------------------------------------------------
[debug] [2024-05-02T08:10:57.856Z] Command:       /usr/local/Cellar/node/22.0.0/bin/node /usr/local/bin/firebase init
[debug] [2024-05-02T08:10:57.857Z] CLI Version:   13.8.0
[debug] [2024-05-02T08:10:57.857Z] Platform:      darwin
[debug] [2024-05-02T08:10:57.857Z] Node Version:  v22.0.0
[debug] [2024-05-02T08:10:57.857Z] Time:          Thu May 02 2024 10:10:57 GMT+0200 (Central European Summer Time)
[debug] [2024-05-02T08:10:57.857Z] ----------------------------------------------------------------------
[debug] 
[debug] [2024-05-02T08:10:57.931Z] > command requires scopes: ["email","openid","https://www.googleapis.com/auth/cloudplatformprojects.readonly","https://www.googleapis.com/auth/firebase","https://www.googleapis.com/auth/cloud-platform"]
[debug] [2024-05-02T08:10:57.932Z] > authorizing via signed-in user (aksel.joakim06@gmail.com)
[info] 
     ######## #### ########  ######## ########     ###     ######  ########
     ##        ##  ##     ## ##       ##     ##  ##   ##  ##       ##
     ######    ##  ########  ######   ########  #########  ######  ######
     ##        ##  ##    ##  ##       ##     ## ##     ##       ## ##
     ##       #### ##     ## ######## ########  ##     ##  ######  ########

You're about to initialize a Firebase project in this directory:

  /Users/Aksell/Documents/koder/kantineAPI

Before we get started, keep in mind:

  * You are initializing within an existing Firebase project directory

